<?xml version="1.0" encoding="UTF-8"?>
<!-- Generated by org.testng.reporters.JUnitReportReporter -->
<testsuite hostname="AIPLLTH486" failures="0" tests="1" name="test.testdata" time="7.778" errors="0" timestamp="2022-02-18T16:33:51 IST" skipped="0">
  <testcase classname="test.testdata" name="gmail" time="7.778"/>
  <system-out/>
</testsuite> <!-- test.testdata -->
